#
# There is insufficient memory for the Java Runtime Environment to continue.
# Native memory allocation (malloc) failed to allocate 1048576 bytes for AllocateHeap
# Possible reasons:
#   The system is out of physical RAM or swap space
#   The process is running with CompressedOops enabled, and the Java Heap may be blocking the growth of the native heap
# Possible solutions:
#   Reduce memory load on the system
#   Increase physical memory or swap space
#   Check if swap backing store is full
#   Decrease Java heap size (-Xmx/-Xms)
#   Decrease number of Java threads
#   Decrease Java thread stack sizes (-Xss)
#   Set larger code cache with -XX:ReservedCodeCacheSize=
#   JVM is running with Unscaled Compressed Oops mode in which the Java heap is
#     placed in the first 4GB address space. The Java Heap base address is the
#     maximum limit for the native heap growth. Please use -XX:HeapBaseMinAddress
#     to set the Java Heap base and to place the Java Heap above 4GB virtual address.
# This output file may be truncated or incomplete.
#
#  Out of Memory Error (memory/allocation.inline.hpp:61), pid=32, tid=0x00000000000036f4
#
# JRE version:  (8.0_202-b03) (build )
# Java VM: OpenJDK 64-Bit Server VM (25.202-b03 mixed mode windows-amd64 compressed oops)
# Failed to write core dump. Minidumps are not enabled by default on client versions of Windows
#

---------------  T H R E A D  ---------------

Current thread (0x0000000002ca1000):  JavaThread "Unknown thread" [_thread_in_vm, id=14068, stack(0x0000000002ae0000,0x0000000002be0000)]

Stack: [0x0000000002ae0000,0x0000000002be0000]
[error occurred during error reporting (printing stack bounds), id 0xc0000005]

Native frames: (J=compiled Java code, j=interpreted, Vv=VM code, C=native code)


---------------  P R O C E S S  ---------------

Java Threads: ( => current thread )

Other Threads:

=>0x0000000002ca1000 (exited) JavaThread "Unknown thread" [_thread_in_vm, id=14068, stack(0x0000000002ae0000,0x0000000002be0000)]

VM state:not at safepoint (normal execution)

VM Mutex/Monitor currently owned by a thread: None

heap address: 0x0000000081c00000, size: 2020 MB, Compressed Oops mode: 32-bit
Narrow klass base: 0x0000000000000000, Narrow klass shift: 3
Compressed class space size: 1073741824 Address: 0x0000000100000000

Heap:
 PSYoungGen      total 38400K, used 665K [0x00000000d5f00000, 0x00000000d8980000, 0x0000000100000000)
  eden space 33280K, 2% used [0x00000000d5f00000,0x00000000d5fa6670,0x00000000d7f80000)
  from space 5120K, 0% used [0x00000000d8480000,0x00000000d8480000,0x00000000d8980000)
  to   space 5120K, 0% used [0x00000000d7f80000,0x00000000d7f80000,0x00000000d8480000)
 ParOldGen       total 87552K, used 0K [0x0000000081c00000, 0x0000000087180000, 0x00000000d5f00000)
  object space 87552K, 0% used [0x0000000081c00000,0x0000000081c00000,0x0000000087180000)
 Metaspace       used 778K, capacity 4480K, committed 4480K, reserved 1056768K
  class space    used 74K, capacity 384K, committed 384K, reserved 1048576K

Card table byte_map: [0x0000000003160000,0x0000000003560000] byte_map_base: 0x0000000002d52000

Marking Bits: (ParMarkBitMap*) 0x000000005e019f30
 Begin Bits: [0x0000000004010000, 0x0000000005fa0000)
 End Bits:   [0x0000000005fa0000, 0x0000000007f30000)

Polling page: 0x0000000000c50000

CodeCache: size=245760Kb used=328Kb max_used=328Kb free=245431Kb
 bounds [0x000000000f010000, 0x000000000f280000, 0x000000001e010000]
 total_blobs=57 nmethods=0 adapters=38
 compilation: enabled

Compilation events (0 events):
No events

GC Heap History (0 events):
No events

Deoptimization events (0 events):
No events

Classes redefined (0 events):
No events

Internal exceptions (0 events):
No events

Events (10 events):
Event: 0.088 loading class java/lang/Short
Event: 0.088 loading class java/lang/Short done
Event: 0.088 loading class java/lang/Integer
Event: 0.089 loading class java/lang/Integer done
Event: 0.089 loading class java/lang/Long
Event: 0.090 loading class java/lang/Long done
Event: 0.092 loading class java/lang/NullPointerException
Event: 0.092 loading class java/lang/NullPointerException done
Event: 0.092 loading class java/lang/ArithmeticException
Event: 0.092 loading class java/lang/ArithmeticException done


Dynamic libraries:
0x00007ff608db0000 - 0x00007ff608de1000 	C:\Program Files\Android\Android Studio\jre\bin\java.exe
0x00007ffaccbc0000 - 0x00007ffaccd6d000 	C:\Windows\SYSTEM32\ntdll.dll
0x00007ffaca6b0000 - 0x00007ffaca7ef000 	C:\Windows\system32\KERNEL32.DLL
0x00007ffaca130000 - 0x00007ffaca246000 	C:\Windows\system32\KERNELBASE.dll
0x00007ffaca2c0000 - 0x00007ffaca36a000 	C:\Windows\system32\ADVAPI32.dll
0x00007ffaca530000 - 0x00007ffaca6a7000 	C:\Windows\system32\USER32.dll
0x00007ffac7d90000 - 0x00007ffac800b000 	C:\Windows\WinSxS\amd64_microsoft.windows.common-controls_6595b64144ccf1df_6.0.9600.19394_none_62486577ecb635cf\COMCTL32.dll
0x00007ffacb0a0000 - 0x00007ffacb14a000 	C:\Windows\system32\msvcrt.dll
0x00007ffacb040000 - 0x00007ffacb099000 	C:\Windows\SYSTEM32\sechost.dll
0x00007ffacaf00000 - 0x00007ffacb040000 	C:\Windows\system32\RPCRT4.dll
0x00007ffacc8d0000 - 0x00007ffacca1c000 	C:\Windows\system32\GDI32.dll
0x00007ffac9dc0000 - 0x00007ffac9dee000 	C:\Windows\system32\SspiCli.dll
0x00007ffaccaa0000 - 0x00007ffaccad6000 	C:\Windows\system32\IMM32.DLL
0x00007ffacace0000 - 0x00007ffacae32000 	C:\Windows\system32\MSCTF.dll
0x00007ffac9ca0000 - 0x00007ffac9cd1000 	C:\Windows\system32\nvinitx.dll
0x00007ffac9c90000 - 0x00007ffac9c9a000 	C:\Windows\SYSTEM32\VERSION.dll
0x000000000f000000 - 0x000000000f006000 	C:\Program Files\NVIDIA Corporation\CoProcManager\_etoured.dll
0x00007ffac7bf0000 - 0x00007ffac7c22000 	C:\Program Files\NVIDIA Corporation\CoProcManager\nvd3d9wrapx.dll
0x00007ffacb150000 - 0x00007ffacb32a000 	C:\Windows\system32\SETUPAPI.dll
0x00007ffac9fd0000 - 0x00007ffaca01f000 	C:\Windows\system32\CFGMGR32.dll
0x00007ffac7830000 - 0x00007ffac7852000 	C:\Program Files\NVIDIA Corporation\CoProcManager\nvdxgiwrapx.dll
0x000000005d770000 - 0x000000005d842000 	C:\Program Files\Android\Android Studio\jre\jre\bin\msvcr100.dll
0x000000005d850000 - 0x000000005e096000 	C:\Program Files\Android\Android Studio\jre\jre\bin\server\jvm.dll
0x00007ffac6580000 - 0x00007ffac6589000 	C:\Windows\SYSTEM32\WSOCK32.dll
0x00007ffac7730000 - 0x00007ffac7752000 	C:\Windows\SYSTEM32\WINMM.dll
0x00007ffaca250000 - 0x00007ffaca257000 	C:\Windows\system32\PSAPI.DLL
0x00007ffaca260000 - 0x00007ffaca2ba000 	C:\Windows\system32\WS2_32.dll
0x00007ffac7680000 - 0x00007ffac76aa000 	C:\Windows\SYSTEM32\WINMMBASE.dll
0x00007ffaccbb0000 - 0x00007ffaccbb9000 	C:\Windows\system32\NSI.dll
0x00007ffac8ab0000 - 0x00007ffac8ad8000 	C:\Windows\SYSTEM32\DEVOBJ.dll
0x00007ffac3660000 - 0x00007ffac366f000 	C:\Program Files\Android\Android Studio\jre\jre\bin\verify.dll
0x00007ffab74c0000 - 0x00007ffab74e9000 	C:\Program Files\Android\Android Studio\jre\jre\bin\java.dll
0x00007ffab5ec0000 - 0x00007ffab5ed6000 	C:\Program Files\Android\Android Studio\jre\jre\bin\zip.dll

VM Arguments:
java_command: <unknown>
java_class_path (initial): .
Launcher Type: SUN_STANDARD

Environment Variables:
JAVA_HOME=C:\Program Files\Android\Android Studio\jre
PATH=C:\Program Files (x86)\Intel\iCLS Client\;C:\Program Files\Intel\iCLS Client\;C:\Windows\system32;C:\Windows;C:\Windows\System32\Wbem;C:\Windows\System32\WindowsPowerShell\v1.0\;C:\Program Files\Intel\Intel(R) Management Engine Components\DAL;C:\Program Files\Intel\Intel(R) Management Engine Components\IPT;C:\Program Files (x86)\Intel\Intel(R) Management Engine Components\DAL;C:\Program Files (x86)\Intel\Intel(R) Management Engine Components\IPT;C:\Program Files (x86)\NVIDIA Corporation\PhysX\Common;C:\Users\ESB\AppData\Local\GitHubDesktop\bin
USERNAME=ESB
OS=Windows_NT
PROCESSOR_IDENTIFIER=Intel64 Family 6 Model 58 Stepping 9, GenuineIntel



---------------  S Y S T E M  ---------------

OS: Windows 8.1 , 64 bit Build 9600 (6.3.9600.19538)

CPU:total 8 (initial active 8) (4 cores per cpu, 2 threads per core) family 6 model 58 stepping 9, cmov, cx8, fxsr, mmx, sse, sse2, sse3, ssse3, sse4.1, sse4.2, popcnt, avx, aes, clmul, erms, ht, tsc, tscinvbit, tscinv

Memory: 4k page, physical 8271452k(727292k free), swap 11417180k(5888k free)

vm_info: OpenJDK 64-Bit Server VM (25.202-b03) for windows-amd64 JRE (1.8.0_202-release-1483-b03), built by "builder" with MS VC++ 10.0 (VS2010)

time: Mon Feb 24 16:14:58 2020
timezone: Arap Ülkeleri Standart Saati
elapsed time: 0 seconds (0d 0h 0m 0s)

